Traceback (most recent call last):
  File "/home/fien-de-boer/miniconda3/lib/python3.13/site-packages/jupyter_core/utils/__init__.py", line 154, in wrapped
    asyncio.get_running_loop()
    ~~~~~~~~~~~~~~~~~~~~~~~~^^
RuntimeError: no running event loop

During handling of the above exception, another exception occurred:

Traceback (most recent call last):
  File "/home/fien-de-boer/miniconda3/lib/python3.13/site-packages/jupyter_cache/executors/utils.py", line 58, in single_nb_execution
    executenb(
    ~~~~~~~~~^
        nb,
        ^^^
    ...<4 lines>...
        **kwargs,
        ^^^^^^^^^
    )
    ^
  File "/home/fien-de-boer/miniconda3/lib/python3.13/site-packages/nbclient/client.py", line 1319, in execute
    return NotebookClient(nb=nb, resources=resources, km=km, **kwargs).execute()
           ~~~~~~~~~~~~~~~~~~~~~~~~~~~~~~~~~~~~~~~~~~~~~~~~~~~~~~~~~~~~~~~~~~~^^
  File "/home/fien-de-boer/miniconda3/lib/python3.13/site-packages/jupyter_core/utils/__init__.py", line 158, in wrapped
    return loop.run_until_complete(inner)
           ~~~~~~~~~~~~~~~~~~~~~~~^^^^^^^
  File "/home/fien-de-boer/miniconda3/lib/python3.13/asyncio/base_events.py", line 725, in run_until_complete
    return future.result()
           ~~~~~~~~~~~~~^^
  File "/home/fien-de-boer/miniconda3/lib/python3.13/site-packages/nbclient/client.py", line 709, in async_execute
    await self.async_execute_cell(
        cell, index, execution_count=self.code_cells_executed + 1
    )
  File "/home/fien-de-boer/miniconda3/lib/python3.13/site-packages/nbclient/client.py", line 1062, in async_execute_cell
    await self._check_raise_for_error(cell, cell_index, exec_reply)
  File "/home/fien-de-boer/miniconda3/lib/python3.13/site-packages/nbclient/client.py", line 918, in _check_raise_for_error
    raise CellExecutionError.from_cell_and_msg(cell, exec_reply_content)
nbclient.exceptions.CellExecutionError: An error occurred while executing the following cell:
------------------
import pandas as pd
import plotly.express as px
import plotly.graph_objects as go
import numpy as np

from plotly.offline import init_notebook_mode
init_notebook_mode()

df = pd.read_csv('capture_fisheries.csv', skiprows=4)
df = df.dropna(how='all')

df['Country Name'] = df['Country Name'].str.replace('"', '')
years = [str(year) for year in range(1960, 2025)]
id_vars = ["Country Name", "Country Code", "Indicator Name", "Indicator Code"]

df_melted = df.melt(id_vars=id_vars, value_vars=years, 
                   var_name="Year", value_name="Production")
df_melted['Year'] = pd.to_numeric(df_melted['Year'])
df_melted['Production'] = pd.to_numeric(df_melted['Production'], errors='coerce')
df_melted = df_melted.dropna(subset=['Production'])

q95 = df_melted['Production'].quantile(0.95)
focused_data = df_melted[df_melted['Production'] <= q95]
zmax = focused_data['Production'].max()
zmin = focused_data['Production'].min()

enhanced_scale = [
    [0.0, '#E1F5FE'], 
    [0.1, '#B3E5FC'],  
    [0.2, '#81D4FA'], 
    [0.3, '#4FC3F7'], 
    [0.4, '#29B6F6'], 
    [0.5, '#039BE5'], 
    [0.6, '#0288D1'], 
    [0.7, '#0277BD'], 
    [0.8, '#01579B'],  
    [0.9, '#0D47A1'],  
    [1.0, '#1d1c47']  
]


total_production = df_melted.groupby(['Country Name', 'Country Code'])['Production'].sum().reset_index()

fig_total = px.choropleth(total_production,
                        locations="Country Code",
                        color="Production",
                        hover_name="Country Name",
                        color_continuous_scale=enhanced_scale,
                        range_color=[zmin, zmax],
                        labels={'Production': 'Production (metric tons)'},
                        projection="natural earth")

fig_total.update_layout(
    width=700,
    geo=dict(
        landcolor='#f0f0f0',
        lakecolor='#d0e0f0',
        bgcolor='white',
        showframe=True,
        framecolor='black'
    ),
    coloraxis_colorbar=dict(
        title="Production",
        thickness=20,
        len=0.75,
        tickvals=np.linspace(zmin, zmax, 6),
        ticktext=[f"{int(x):,}" for x in np.linspace(zmin, zmax, 6)]
    ),
    margin={'t': 0, 'r': 20, 'b': 21, 'l': 18},
    title={
        'text': '<b>Total Fisheries Production per Country</b>',
        'x': 0.42,
        'xanchor': 'center', 
        'font': {
            'color': '#0a2463',
        }
    }
)

frames = []
for year in sorted(df_melted['Year'].unique()):
    yearly_data = df_melted[df_melted['Year'] == year]
    yearly_focused = yearly_data[yearly_data['Production'] <= yearly_data['Production'].quantile(0.95)]
    year_zmax = yearly_focused['Production'].max()
    year_zmin = yearly_focused['Production'].min()
    
    frames.append(go.Frame(
        data=[go.Choropleth(
            locations=yearly_data['Country Code'],
            z=yearly_data['Production'],
            zmin=year_zmin,
            zmax=year_zmax,
            colorscale=enhanced_scale,
            customdata=yearly_data[['Country Name']],
            hovertemplate="<b>%{customdata[0]}</b><br>" +
                         "Year: %{frame.name}<br>" +
                         "Production: %{z:,} metric tons<extra></extra>",
            marker_line_color='darkgray',
            marker_line_width=0.5
        )],
        name=str(year)
    ))

fig_slider = go.Figure(
    data=[go.Choropleth(
        locations=df_melted['Country Code'],
        z=df_melted['Production'],
        colorscale=enhanced_scale,
        customdata=df_melted[['Country Name']],
        hovertemplate="<b>%{customdata[0]}</b><br>" +
                     "Year: %{frame.name}<br>" +
                     "Production: %{z:,} metric tons<extra></extra>",
        marker_line_color='darkgray',
        marker_line_width=0.5
    )],
    layout=go.Layout(
        width=700,
        height=500,
        geo=dict(
            domain={'x': [0, 0.9], 'y': [0, 1]},
            showframe=True,
            showcoastlines=True,
            landcolor='#f0f0f0',
            lakecolor='#d0e0f0',
            bgcolor='white',
            framecolor='black',
            framewidth=1
        ),
        margin={'t': 30, 'r': 20, 'b': 200, 'l': 30},
        title={
        'text': '<b>Annual Fisheries Production per Country</b>',
        'x': 0.42,
        'xanchor': 'center',
        'font': {
            'color': '#0a2463',
        }
        },
        sliders=[{
            "active": 0,
            "steps": [{
                "args": [[f.name], {"frame": {"duration": 300, "redraw": True},
                                  "mode": "immediate"}],
                "label": f.name,
                "method": "animate"
            } for f in frames],
            "x": 0.15,
            "len": 0.7,
            "currentvalue": {
                "prefix": "<b>Year: </b>",
                "font": {"size": 14},
                "xanchor": "center"
            }
        }],
        updatemenus=[{
            "buttons": [
                {
                    "args": [None, {"frame": {"duration": 400, "redraw": True},
                                  "fromcurrent": True}],
                    "label": "Play",
                    "method": "animate"
                },
                {
                    "args": [[None], {"frame": {"duration": 0, "redraw": True},
                                    "mode": "immediate"}],
                    "label": "Pause",
                    "method": "animate"
                }
            ],
            "type": "buttons",
            "x": 0.1,
            "y": -0.05,
            "bgcolor": "rgba(255,255,255,0.8)",
            "bordercolor": "#444"
        }]
    ),
    frames=frames,
)

fig_total.add_annotation(x=0.02, y=-0.18,
                   xref="paper", yref="paper",
                   showarrow=False,
                   align='left',
                   xanchor='left', yanchor='bottom',
                   text="Total fisheries production per country since 1960.<br>" + \
                        'Hover over countries to see their specific production and drag to see different areas.<br>')

fig_total.update_annotations(
    font=dict(color='#0a2463')
)
fig_slider.add_annotation(x=0, y=-0.60,
                   xref="paper", yref="paper",
                   showarrow=False,
                   align='left',
                   xanchor='left', yanchor='bottom',
                   text="Annual fisheries production per country since 1960.<br>" + \
                        'Use slider to see different years or press play to see time progression.<br>' + \
                        'Color scale automatically focuses on 95% of data for each year. <br>')

fig_slider.update_annotations(
    font=dict(color='#0a2463')
)

fig_total.show()
fig_slider.show()
------------------


[31m---------------------------------------------------------------------------[39m
[31mFileNotFoundError[39m                         Traceback (most recent call last)
[36mCell[39m[36m [39m[32mIn[1][39m[32m, line 9[39m
[32m      6[39m [38;5;28;01mfrom[39;00m[38;5;250m [39m[34;01mplotly[39;00m[34;01m.[39;00m[34;01moffline[39;00m[38;5;250m [39m[38;5;28;01mimport[39;00m init_notebook_mode
[32m      7[39m init_notebook_mode()
[32m----> [39m[32m9[39m df = [43mpd[49m[43m.[49m[43mread_csv[49m[43m([49m[33;43m'[39;49m[33;43mcapture_fisheries.csv[39;49m[33;43m'[39;49m[43m,[49m[43m [49m[43mskiprows[49m[43m=[49m[32;43m4[39;49m[43m)[49m
[32m     10[39m df = df.dropna(how=[33m'[39m[33mall[39m[33m'[39m)
[32m     12[39m df[[33m'[39m[33mCountry Name[39m[33m'[39m] = df[[33m'[39m[33mCountry Name[39m[33m'[39m].str.replace([33m'[39m[33m"[39m[33m'[39m, [33m'[39m[33m'[39m)

[36mFile [39m[32m~/miniconda3/lib/python3.13/site-packages/pandas/io/parsers/readers.py:1026[39m, in [36mread_csv[39m[34m(filepath_or_buffer, sep, delimiter, header, names, index_col, usecols, dtype, engine, converters, true_values, false_values, skipinitialspace, skiprows, skipfooter, nrows, na_values, keep_default_na, na_filter, verbose, skip_blank_lines, parse_dates, infer_datetime_format, keep_date_col, date_parser, date_format, dayfirst, cache_dates, iterator, chunksize, compression, thousands, decimal, lineterminator, quotechar, quoting, doublequote, escapechar, comment, encoding, encoding_errors, dialect, on_bad_lines, delim_whitespace, low_memory, memory_map, float_precision, storage_options, dtype_backend)[39m
[32m   1013[39m kwds_defaults = _refine_defaults_read(
[32m   1014[39m     dialect,
[32m   1015[39m     delimiter,
[32m   (...)[39m[32m   1022[39m     dtype_backend=dtype_backend,
[32m   1023[39m )
[32m   1024[39m kwds.update(kwds_defaults)
[32m-> [39m[32m1026[39m [38;5;28;01mreturn[39;00m [43m_read[49m[43m([49m[43mfilepath_or_buffer[49m[43m,[49m[43m [49m[43mkwds[49m[43m)[49m

[36mFile [39m[32m~/miniconda3/lib/python3.13/site-packages/pandas/io/parsers/readers.py:620[39m, in [36m_read[39m[34m(filepath_or_buffer, kwds)[39m
[32m    617[39m _validate_names(kwds.get([33m"[39m[33mnames[39m[33m"[39m, [38;5;28;01mNone[39;00m))
[32m    619[39m [38;5;66;03m# Create the parser.[39;00m
[32m--> [39m[32m620[39m parser = [43mTextFileReader[49m[43m([49m[43mfilepath_or_buffer[49m[43m,[49m[43m [49m[43m*[49m[43m*[49m[43mkwds[49m[43m)[49m
[32m    622[39m [38;5;28;01mif[39;00m chunksize [38;5;129;01mor[39;00m iterator:
[32m    623[39m     [38;5;28;01mreturn[39;00m parser

[36mFile [39m[32m~/miniconda3/lib/python3.13/site-packages/pandas/io/parsers/readers.py:1620[39m, in [36mTextFileReader.__init__[39m[34m(self, f, engine, **kwds)[39m
[32m   1617[39m     [38;5;28mself[39m.options[[33m"[39m[33mhas_index_names[39m[33m"[39m] = kwds[[33m"[39m[33mhas_index_names[39m[33m"[39m]
[32m   1619[39m [38;5;28mself[39m.handles: IOHandles | [38;5;28;01mNone[39;00m = [38;5;28;01mNone[39;00m
[32m-> [39m[32m1620[39m [38;5;28mself[39m._engine = [38;5;28;43mself[39;49m[43m.[49m[43m_make_engine[49m[43m([49m[43mf[49m[43m,[49m[43m [49m[38;5;28;43mself[39;49m[43m.[49m[43mengine[49m[43m)[49m

[36mFile [39m[32m~/miniconda3/lib/python3.13/site-packages/pandas/io/parsers/readers.py:1880[39m, in [36mTextFileReader._make_engine[39m[34m(self, f, engine)[39m
[32m   1878[39m     [38;5;28;01mif[39;00m [33m"[39m[33mb[39m[33m"[39m [38;5;129;01mnot[39;00m [38;5;129;01min[39;00m mode:
[32m   1879[39m         mode += [33m"[39m[33mb[39m[33m"[39m
[32m-> [39m[32m1880[39m [38;5;28mself[39m.handles = [43mget_handle[49m[43m([49m
[32m   1881[39m [43m    [49m[43mf[49m[43m,[49m
[32m   1882[39m [43m    [49m[43mmode[49m[43m,[49m
[32m   1883[39m [43m    [49m[43mencoding[49m[43m=[49m[38;5;28;43mself[39;49m[43m.[49m[43moptions[49m[43m.[49m[43mget[49m[43m([49m[33;43m"[39;49m[33;43mencoding[39;49m[33;43m"[39;49m[43m,[49m[43m [49m[38;5;28;43;01mNone[39;49;00m[43m)[49m[43m,[49m
[32m   1884[39m [43m    [49m[43mcompression[49m[43m=[49m[38;5;28;43mself[39;49m[43m.[49m[43moptions[49m[43m.[49m[43mget[49m[43m([49m[33;43m"[39;49m[33;43mcompression[39;49m[33;43m"[39;49m[43m,[49m[43m [49m[38;5;28;43;01mNone[39;49;00m[43m)[49m[43m,[49m
[32m   1885[39m [43m    [49m[43mmemory_map[49m[43m=[49m[38;5;28;43mself[39;49m[43m.[49m[43moptions[49m[43m.[49m[43mget[49m[43m([49m[33;43m"[39;49m[33;43mmemory_map[39;49m[33;43m"[39;49m[43m,[49m[43m [49m[38;5;28;43;01mFalse[39;49;00m[43m)[49m[43m,[49m
[32m   1886[39m [43m    [49m[43mis_text[49m[43m=[49m[43mis_text[49m[43m,[49m
[32m   1887[39m [43m    [49m[43merrors[49m[43m=[49m[38;5;28;43mself[39;49m[43m.[49m[43moptions[49m[43m.[49m[43mget[49m[43m([49m[33;43m"[39;49m[33;43mencoding_errors[39;49m[33;43m"[39;49m[43m,[49m[43m [49m[33;43m"[39;49m[33;43mstrict[39;49m[33;43m"[39;49m[43m)[49m[43m,[49m
[32m   1888[39m [43m    [49m[43mstorage_options[49m[43m=[49m[38;5;28;43mself[39;49m[43m.[49m[43moptions[49m[43m.[49m[43mget[49m[43m([49m[33;43m"[39;49m[33;43mstorage_options[39;49m[33;43m"[39;49m[43m,[49m[43m [49m[38;5;28;43;01mNone[39;49;00m[43m)[49m[43m,[49m
[32m   1889[39m [43m[49m[43m)[49m
[32m   1890[39m [38;5;28;01massert[39;00m [38;5;28mself[39m.handles [38;5;129;01mis[39;00m [38;5;129;01mnot[39;00m [38;5;28;01mNone[39;00m
[32m   1891[39m f = [38;5;28mself[39m.handles.handle

[36mFile [39m[32m~/miniconda3/lib/python3.13/site-packages/pandas/io/common.py:873[39m, in [36mget_handle[39m[34m(path_or_buf, mode, encoding, compression, memory_map, is_text, errors, storage_options)[39m
[32m    868[39m [38;5;28;01melif[39;00m [38;5;28misinstance[39m(handle, [38;5;28mstr[39m):
[32m    869[39m     [38;5;66;03m# Check whether the filename is to be opened in binary mode.[39;00m
[32m    870[39m     [38;5;66;03m# Binary mode does not support 'encoding' and 'newline'.[39;00m
[32m    871[39m     [38;5;28;01mif[39;00m ioargs.encoding [38;5;129;01mand[39;00m [33m"[39m[33mb[39m[33m"[39m [38;5;129;01mnot[39;00m [38;5;129;01min[39;00m ioargs.mode:
[32m    872[39m         [38;5;66;03m# Encoding[39;00m
[32m--> [39m[32m873[39m         handle = [38;5;28;43mopen[39;49m[43m([49m
[32m    874[39m [43m            [49m[43mhandle[49m[43m,[49m
[32m    875[39m [43m            [49m[43mioargs[49m[43m.[49m[43mmode[49m[43m,[49m
[32m    876[39m [43m            [49m[43mencoding[49m[43m=[49m[43mioargs[49m[43m.[49m[43mencoding[49m[43m,[49m
[32m    877[39m [43m            [49m[43merrors[49m[43m=[49m[43merrors[49m[43m,[49m
[32m    878[39m [43m            [49m[43mnewline[49m[43m=[49m[33;43m"[39;49m[33;43m"[39;49m[43m,[49m
[32m    879[39m [43m        [49m[43m)[49m
[32m    880[39m     [38;5;28;01melse[39;00m:
[32m    881[39m         [38;5;66;03m# Binary mode[39;00m
[32m    882[39m         handle = [38;5;28mopen[39m(handle, ioargs.mode)

[31mFileNotFoundError[39m: [Errno 2] No such file or directory: 'capture_fisheries.csv'

